<?xml version="1.0" encoding="UTF-8"?>
<testsuites name="jest tests" tests="31" failures="0" time="11.522">
  <testsuite name="test\helper\format-styles.test.ts" errors="0" failures="0" skipped="0" timestamp="2019-11-15T22:33:53" time="5.121" tests="13">
    <testcase classname="Format style type checking, isInlineCode function returns true if text is inline code in any way." name="Format style type checking, isInlineCode function returns true if text is inline code in any way." time="0.016">
    </testcase>
    <testcase classname="Format style type checking, isInlineCode function returns false if there is no inline code formatting in the text." name="Format style type checking, isInlineCode function returns false if there is no inline code formatting in the text." time="0">
    </testcase>
    <testcase classname="Format style type checking, isMultilineCode function returns true if text is a code block." name="Format style type checking, isMultilineCode function returns true if text is a code block." time="0">
    </testcase>
    <testcase classname="Format style type checking, isMultilineCode function returns false if there is no code block." name="Format style type checking, isMultilineCode function returns false if there is no code block." time="0.015">
    </testcase>
    <testcase classname="Format style type checking, isBold function returns true if text is bold in any way." name="Format style type checking, isBold function returns true if text is bold in any way." time="0">
    </testcase>
    <testcase classname="Format style type checking, isBold function returns false if there is no bold formatting in the text." name="Format style type checking, isBold function returns false if there is no bold formatting in the text." time="0">
    </testcase>
    <testcase classname="Format style type checking, isItalic function returns true if text is italic in any way." name="Format style type checking, isItalic function returns true if text is italic in any way." time="0">
    </testcase>
    <testcase classname="Format style type checking, isItalic function returns false if there is no italic formatting in the text." name="Format style type checking, isItalic function returns false if there is no italic formatting in the text." time="0">
    </testcase>
    <testcase classname="Format style type checking, isItalic function return true if the text is both bold and italic" name="Format style type checking, isItalic function return true if the text is both bold and italic" time="0">
    </testcase>
    <testcase classname="Format style type checking, isBoldAndItalic function returns true if text is both bold and italic." name="Format style type checking, isBoldAndItalic function returns true if text is both bold and italic." time="0">
    </testcase>
    <testcase classname="Format style type checking, isBoldAndItalic function returns false the text is only bold" name="Format style type checking, isBoldAndItalic function returns false the text is only bold" time="0">
    </testcase>
    <testcase classname="Format style type checking, isBoldAndItalic function returns false the text is only italic" name="Format style type checking, isBoldAndItalic function returns false the text is only italic" time="0.016">
    </testcase>
    <testcase classname="Format style type checking, isBoldAndItalic function returns false the text is not formatted" name="Format style type checking, isBoldAndItalic function returns false the text is not formatted" time="0">
    </testcase>
  </testsuite>
  <testsuite name="test\controllers\alert-controller.test.ts" errors="0" failures="0" skipped="0" timestamp="2019-11-15T22:33:59" time="1.036" tests="6">
    <testcase classname="Alert controller format function Should apply alert of type note to single line text." name="Alert controller format function Should apply alert of type note to single line text." time="0">
    </testcase>
    <testcase classname="Alert controller format function Should apply alert of type TIP to multi line text." name="Alert controller format function Should apply alert of type TIP to multi line text." time="0">
    </testcase>
    <testcase classname="Alert controller format function Should remove alert formatting for alert-formatted single line text." name="Alert controller format function Should remove alert formatting for alert-formatted single line text." time="0">
    </testcase>
    <testcase classname="Alert controller format function Should remove alert formatting for alert-formatted multiline text." name="Alert controller format function Should remove alert formatting for alert-formatted multiline text." time="0.016">
    </testcase>
    <testcase classname="Alert controller format function Should change alert formatting for alert-formatted single line text when alert type is different." name="Alert controller format function Should change alert formatting for alert-formatted single line text when alert type is different." time="0">
    </testcase>
    <testcase classname="Alert controller format function Should change alert formatting for alert-formatted multiline line text when alert type is different." name="Alert controller format function Should change alert formatting for alert-formatted multiline line text when alert type is different." time="0">
    </testcase>
  </testsuite>
  <testsuite name="test\markdownlint-custom-rules\alert.spec.js" errors="0" failures="0" skipped="0" timestamp="2019-11-15T22:34:00" time="0.813" tests="1">
    <testcase classname=" Alert markdown lint" name=" Alert markdown lint" time="0.031">
    </testcase>
  </testsuite>
  <testsuite name="test\controllers\bold-controller.test.ts" errors="0" failures="0" skipped="0" timestamp="2019-11-15T22:34:01" time="0.298" tests="3">
    <testcase classname="Bold controller format function Should toggle bold with single line text." name="Bold controller format function Should toggle bold with single line text." time="0">
    </testcase>
    <testcase classname="Bold controller format function Should toggle bold with multiline text." name="Bold controller format function Should toggle bold with multiline text." time="0">
    </testcase>
    <testcase classname="Bold controller format function Should toggle bold without effecting italic/code formatting" name="Bold controller format function Should toggle bold without effecting italic/code formatting" time="0">
    </testcase>
  </testsuite>
  <testsuite name="test\markdownlint-custom-rules\securelinks.spec.js" errors="0" failures="0" skipped="0" timestamp="2019-11-15T22:34:01" time="0.344" tests="1">
    <testcase classname=" Secure Links markdown lint" name=" Secure Links markdown lint" time="0.016">
    </testcase>
  </testsuite>
  <testsuite name="test\helper\bookmark-builder.test.ts" errors="0" failures="0" skipped="0" timestamp="2019-11-15T22:34:01" time="0.501" tests="3">
    <testcase classname="Bookmark style testing, bookmarkBuilder function format a simple heading (no extra spaces or underscores)." name="Bookmark style testing, bookmarkBuilder function format a simple heading (no extra spaces or underscores)." time="0">
    </testcase>
    <testcase classname="Bookmark style testing, bookmarkBuilder function format a heading with additional spaces." name="Bookmark style testing, bookmarkBuilder function format a heading with additional spaces." time="0">
    </testcase>
    <testcase classname="Bookmark style testing, bookmarkBuilder function format a heading with underscores." name="Bookmark style testing, bookmarkBuilder function format a heading with underscores." time="0">
    </testcase>
  </testsuite>
  <testsuite name="test\markdownlint-custom-rules\zone.spec.js" errors="0" failures="0" skipped="0" timestamp="2019-11-15T22:34:02" time="0.376" tests="1">
    <testcase classname=" Zone markdown lint" name=" Zone markdown lint" time="0.016">
    </testcase>
  </testsuite>
  <testsuite name="test\markdownlint-custom-rules\moniker.spec.js" errors="0" failures="0" skipped="0" timestamp="2019-11-15T22:34:02" time="0.36" tests="1">
    <testcase classname=" Moniker markdown lint" name=" Moniker markdown lint" time="0.017">
    </testcase>
  </testsuite>
  <testsuite name="test\markdownlint-custom-rules\syntax.spec.js" errors="0" failures="0" skipped="0" timestamp="2019-11-15T22:34:03" time="0.36" tests="1">
    <testcase classname=" Syntax markdown lint" name=" Syntax markdown lint" time="0.016">
    </testcase>
  </testsuite>
  <testsuite name="test\extension.test.ts" errors="0" failures="0" skipped="0" timestamp="2019-11-15T22:34:03" time="0.282" tests="1">
    <testcase classname="Ensure Chai Mocha Test Samples Run Correctly Hey, true returns true! Incredible." name="Ensure Chai Mocha Test Samples Run Correctly Hey, true returns true! Incredible." time="0.016">
    </testcase>
  </testsuite>
</testsuites>